*** Using Compiler 'V6.21', folder: 'E:\develop\Keil_v5\ARM\ARMCLANG\Bin'
Build target 'Target 1'
compiling usart.c...
compiling system_stm32f10x.c...
compiling my_iic.c...
compiling Sys_tik.c...
compiling Board_init.c...
compiling stm32f10x_adc.c...
compiling misc.c...
compiling main.c...
compiling stm32f10x_bkp.c...
compiling w25q64.c...
compiling stm32f10x_it.c...
compiling shtc3.c...
compiling stm32f10x_can.c...
compiling stm32f10x_cec.c...
compiling stm32f10x_crc.c...
compiling stm32f10x_dbgmcu.c...
compiling stm32f10x_dma.c...
compiling stm32f10x_dac.c...
compiling stm32f10x_exti.c...
compiling stm32f10x_fsmc.c...
compiling stm32f10x_flash.c...
compiling stm32f10x_rtc.c...
compiling stm32f10x_iwdg.c...
compiling stm32f10x_pwr.c...
compiling stm32f10x_i2c.c...
compiling stm32f10x_gpio.c...
compiling stm32f10x_rcc.c...
compiling stm32f10x_sdio.c...
compiling stm32f10x_wwdg.c...
compiling stm32f10x_usart.c...
compiling stm32f10x_spi.c...
compiling stm32f10x_tim.c...
linking...
.\Objects\STM_Standard_Work.axf: Error: L6218E: Undefined symbol SHT30_Get_Temp_Humi (referred from main.o).
Not enough information to list image symbols.
Not enough information to list load addresses in the image map.
Finished: 2 information, 0 warning and 1 error messages.
".\Objects\STM_Standard_Work.axf" - 1 Error(s), 0 Warning(s).
Target not created.
Build Time Elapsed:  00:00:01
